[I 180914 11:03:38 __init__:43] /tet/v1/touchpoints
[I 180914 11:03:38 __init__:46] touchpoint - request.args
[I 180914 11:04:31 __init__:22] /tet/v1/campaigns
[I 180914 11:04:31 __init__:24] campaigns.get_campaigns()
[I 180914 11:04:31 __init__:26] campaign - request.args
[I 180914 11:08:33 __init__:22] /tet/v1/campaigns
[I 180914 11:08:33 __init__:24] campaigns.get_campaigns()
[I 180914 11:08:52 __init__:43] /tet/v1/touchpoints
[I 180914 11:08:52 __init__:46] touchpoint - request.args
[I 180923 12:38:33 __init__:17] root triggered
[I 180923 12:42:37 __init__:43] /tet/v1/touchpoints
[I 180923 12:46:05 __init__:43] /tet/v1/touchpoints
[I 180923 12:46:05 __init__:46] touchpoint - request.args
[I 180923 20:00:27 __init__:17] root triggered
[I 180923 20:00:36 __init__:43] /tet/v1/touchpoints
[I 180923 20:00:36 __init__:46] touchpoint - request.args
[I 180923 20:01:18 __init__:22] /tet/v1/campaigns
[I 180923 20:20:26 __init__:22] /tet/v1/campaigns
[I 180923 20:20:26 __init__:24] campaigns.get_campaigns()
[I 180923 20:20:26 __init__:26] campaign - request.args
[I 180923 20:21:44 __init__:22] /tet/v1/campaigns
[I 180923 20:21:44 __init__:24] campaigns.get_campaigns()
[I 180923 20:21:44 __init__:26] campaign - request.args
[I 180923 20:21:51 __init__:22] /tet/v1/campaigns
[I 180923 20:21:51 __init__:24] campaigns.get_campaigns()
[I 180923 20:21:51 __init__:26] campaign - request.args
[I 180923 20:22:55 __init__:43] /tet/v1/touchpoints
[I 180923 20:22:55 __init__:46] touchpoint - request.args
[I 180923 20:32:12 __init__:43] /tet/v1/touchpoints
[I 180923 20:32:12 __init__:46] touchpoint - request.args
[I 180923 20:50:06 __init__:43] /tet/v1/touchpoints
[I 180923 20:50:06 __init__:46] touchpoint - request.args
[I 181001 12:57:05 __init__:17] root triggered
[I 181001 12:57:14 __init__:43] /tet/v1/touchpoints
[I 181001 12:57:26 __init__:43] /tet/v1/touchpoints
